[09:26:25] [ServerMain/INFO]: Environment: authHost='https://authserver.mojang.com', accountsHost='https://api.mojang.com', sessionHost='https://sessionserver.mojang.com', servicesHost='https://api.minecraftservices.com', name='PROD'
[09:26:26] [ServerMain/INFO]: Loaded 7 recipes
[09:26:27] [ServerMain/INFO]: Loaded 1271 advancements
[09:26:27] [Server thread/INFO]: Starting minecraft server version 1.20.1
[09:26:27] [Server thread/INFO]: Loading properties
[09:26:27] [Server thread/INFO]: Default game type: CREATIVE
[09:26:27] [Server thread/INFO]: Generating keypair
[09:26:27] [Server thread/INFO]: Starting Minecraft server on *:25565
[09:26:27] [Server thread/INFO]: Using epoll channel type
[09:26:27] [Server thread/WARN]: **** SERVER IS RUNNING IN OFFLINE/INSECURE MODE!
[09:26:27] [Server thread/WARN]: The server will make no attempt to authenticate usernames. Beware.
[09:26:27] [Server thread/WARN]: While this makes the game possible to play without internet access, it also opens up the ability for hackers to connect with any username they choose.
[09:26:27] [Server thread/WARN]: To change this, set "online-mode" to "true" in the server.properties file.
[09:26:27] [Server thread/INFO]: Preparing level "world"
[09:26:30] [Server thread/INFO]: Preparing start region for dimension minecraft:overworld
[09:26:31] [Worker-Main-5/INFO]: Preparing spawn area: 0%
[09:26:31] [Worker-Main-1/INFO]: Preparing spawn area: 0%
[09:26:31] [Worker-Main-7/INFO]: Preparing spawn area: 0%
[09:26:32] [Worker-Main-2/INFO]: Preparing spawn area: 0%
[09:26:32] [Worker-Main-14/INFO]: Preparing spawn area: 1%
[09:26:33] [Worker-Main-2/INFO]: Preparing spawn area: 2%
[09:26:33] [Worker-Main-3/INFO]: Preparing spawn area: 3%
[09:26:34] [Worker-Main-12/INFO]: Preparing spawn area: 5%
[09:26:34] [Worker-Main-3/INFO]: Preparing spawn area: 6%
[09:26:35] [Worker-Main-9/INFO]: Preparing spawn area: 8%
[09:26:35] [Worker-Main-10/INFO]: Preparing spawn area: 10%
[09:26:36] [Worker-Main-15/INFO]: Preparing spawn area: 12%
[09:26:36] [Worker-Main-3/INFO]: Preparing spawn area: 16%
[09:26:37] [Worker-Main-12/INFO]: Preparing spawn area: 18%
[09:26:37] [Worker-Main-9/INFO]: Preparing spawn area: 22%
[09:26:38] [Worker-Main-11/INFO]: Preparing spawn area: 24%
[09:26:38] [Worker-Main-11/INFO]: Preparing spawn area: 29%
[09:26:39] [Worker-Main-2/INFO]: Preparing spawn area: 32%
[09:26:39] [Worker-Main-5/INFO]: Preparing spawn area: 35%
[09:26:40] [Worker-Main-13/INFO]: Preparing spawn area: 39%
[09:26:40] [Worker-Main-8/INFO]: Preparing spawn area: 44%
[09:26:41] [Worker-Main-14/INFO]: Preparing spawn area: 47%
[09:26:41] [Worker-Main-8/INFO]: Preparing spawn area: 51%
[09:26:42] [Worker-Main-4/INFO]: Preparing spawn area: 55%
[09:26:42] [Worker-Main-1/INFO]: Preparing spawn area: 58%
[09:26:43] [Worker-Main-3/INFO]: Preparing spawn area: 63%
[09:26:43] [Worker-Main-9/INFO]: Preparing spawn area: 68%
[09:26:44] [Worker-Main-11/INFO]: Preparing spawn area: 71%
[09:26:44] [Worker-Main-15/INFO]: Preparing spawn area: 75%
[09:26:45] [Worker-Main-11/INFO]: Preparing spawn area: 81%
[09:26:45] [Worker-Main-11/INFO]: Preparing spawn area: 85%
[09:26:46] [Worker-Main-13/INFO]: Preparing spawn area: 89%
[09:26:46] [Worker-Main-10/INFO]: Preparing spawn area: 93%
[09:26:47] [Worker-Main-8/INFO]: Preparing spawn area: 99%
[09:26:47] [Server thread/INFO]: Time elapsed: 16542 ms
[09:26:47] [Server thread/INFO]: Done (19.668s)! For help, type "help"
[09:26:47] [Server thread/INFO]: jorge[/[0:0:0:0:0:0:0:1%0]:42876] logged in with entity id 178 at (-5.5, 71.0, -9.5)
[09:26:47] [Server thread/INFO]: jorge joined the game
